<?xml version="1.0" encoding="UTF-8"?>
<!-- Generated by org.testng.reporters.JUnitReportReporter -->
<testsuite hostname="DellRajesh" failures="0" tests="1" name="pack01.TestCase01" time="29.441" errors="0" timestamp="2022-05-24T14:25:59 IST" skipped="0">
  <testcase classname="pack01.TestCase01" name="myTest01" time="29.441"/>
  <system-out/>
</testsuite> <!-- pack01.TestCase01 -->
