<?xml version="1.0" encoding="UTF-8"?>
<!-- Generated by org.testng.reporters.JUnitReportReporter -->
<testsuite hostname="DellRajesh" failures="0" tests="1" name="pack01.DatePickerTest" time="7.051" errors="0" timestamp="2022-05-24T14:25:59 IST" skipped="0">
  <testcase classname="pack01.DatePickerTest" name="datePicker" time="7.051"/>
  <system-out/>
</testsuite> <!-- pack01.DatePickerTest -->
