<?xml version="1.0" encoding="UTF-8"?>
<!-- Generated by org.testng.reporters.JUnitReportReporter -->
<testsuite hostname="DellRajesh" failures="0" tests="1" name="pack01.TestCase02" time="2.765" errors="0" timestamp="2022-05-24T14:25:59 IST" skipped="0">
  <testcase classname="pack01.TestCase02" name="myTest02" time="2.765"/>
  <system-out/>
</testsuite> <!-- pack01.TestCase02 -->
