<?xml version="1.0" encoding="UTF-8"?>
<!-- Generated by org.testng.reporters.JUnitReportReporter -->
<testsuite skipped="0" hostname="DellRajesh" name="pack01.DatePickerTest" tests="1" failures="0" timestamp="2022-05-24T12:31:12 IST" time="5.842" errors="0">
  <testcase name="datePicker" time="5.842" classname="pack01.DatePickerTest"/>
  <system-out/>
</testsuite> <!-- pack01.DatePickerTest -->
