<?xml version="1.0" encoding="UTF-8"?>
<!-- Generated by org.testng.reporters.JUnitReportReporter -->
<testsuite skipped="0" hostname="DellRajesh" name="pack01.TestCase02" tests="1" failures="0" timestamp="2022-05-24T12:31:12 IST" time="1.836" errors="0">
  <testcase name="myTest02" time="1.836" classname="pack01.TestCase02"/>
  <system-out/>
</testsuite> <!-- pack01.TestCase02 -->
